chat21/build/outputs/logs/manifest-merger-debug-report.txt
-- Merging decision tree log ---
manifest
ADDED from src/main/AndroidManifest.xml:2:1-125:12
INJECTED from src/main/AndroidManifest.xml:2:1-125:12
INJECTED from src/main/AndroidManifest.xml:2:1-125:12
INJECTED from src/main/AndroidManifest.xml:2:1-125:12
INJECTED from src/main/AndroidManifest.xml:2:1-125:12
INJECTED from src/main/AndroidManifest.xml:2:1-125:12
INJECTED from src/main/AndroidManifest.xml:2:1-125:12
	package
		ADDED from src/main/AndroidManifest.xml:4:5-33
		INJECTED from src/main/AndroidManifest.xml
		INJECTED from src/main/AndroidManifest.xml
	android:versionName
		INJECTED from src/main/AndroidManifest.xml
		ADDED from src/main/AndroidManifest.xml:2:1-125:12
		INJECTED from src/main/AndroidManifest.xml
	xmlns:tools
		ADDED from src/main/AndroidManifest.xml:3:5-51
	android:versionCode
		INJECTED from src/main/AndroidManifest.xml
		ADDED from src/main/AndroidManifest.xml:2:1-125:12
		INJECTED from src/main/AndroidManifest.xml
	xmlns:android
		ADDED from src/main/AndroidManifest.xml:2:11-69
application
ADDED from src/main/AndroidManifest.xml:6:5-123:19
	android:allowBackup
		ADDED from src/main/AndroidManifest.xml:7:9-35
	android:theme
		ADDED from src/main/AndroidManifest.xml:8:9-40
activity#org.chat21.android.ui.login.activities.ChatLoginActivity
ADDED from src/main/AndroidManifest.xml:9:9-11:47
	android:launchMode
		ADDED from src/main/AndroidManifest.xml:11:13-44
	android:name
		ADDED from src/main/AndroidManifest.xml:10:13-66
activity#org.chat21.android.ui.login.activities.ChatSignUpActivity
ADDED from src/main/AndroidManifest.xml:12:9-14:47
	android:launchMode
		ADDED from src/main/AndroidManifest.xml:14:13-44
	android:name
		ADDED from src/main/AndroidManifest.xml:13:13-67
activity#org.chat21.android.ui.contacts.activites.ContactListActivity
ADDED from src/main/AndroidManifest.xml:17:9-34:20
	android:label
		ADDED from src/main/AndroidManifest.xml:19:13-71
	android:name
		ADDED from src/main/AndroidManifest.xml:18:13-70
meta-data#android.app.searchable
ADDED from src/main/AndroidManifest.xml:20:13-22:63
	android:resource
		ADDED from src/main/AndroidManifest.xml:22:17-60
	android:name
		ADDED from src/main/AndroidManifest.xml:21:17-54
intent-filter#action:name:android.intent.action.SEARCH
ADDED from src/main/AndroidManifest.xml:24:13-26:29
action#android.intent.action.SEARCH
ADDED from src/main/AndroidManifest.xml:25:17-71
	android:name
		ADDED from src/main/AndroidManifest.xml:25:25-68
activity#org.chat21.android.ui.conversations.activities.ConversationListActivity
ADDED from src/main/AndroidManifest.xml:37:9-39:79
	android:label
		ADDED from src/main/AndroidManifest.xml:39:13-76
	android:name
		ADDED from src/main/AndroidManifest.xml:38:13-81
activity#org.chat21.android.ui.archived_conversations.activities.ArchivedConversationListActivity
ADDED from src/main/AndroidManifest.xml:42:9-44:81
	android:label
		ADDED from src/main/AndroidManifest.xml:44:13-78
	android:name
		ADDED from src/main/AndroidManifest.xml:43:13-98
activity#org.chat21.android.ui.messages.activities.MessageListActivity
ADDED from src/main/AndroidManifest.xml:47:9-59:20
	android:name
		ADDED from src/main/AndroidManifest.xml:47:19-77
intent-filter#action:name:ACTION_DEFAULT_CHAT_INTENT+category:name:android.intent.category.DEFAULT
ADDED from src/main/AndroidManifest.xml:54:13-58:29
action#ACTION_DEFAULT_CHAT_INTENT
ADDED from src/main/AndroidManifest.xml:55:17-69
	android:name
		ADDED from src/main/AndroidManifest.xml:55:25-66
category#android.intent.category.DEFAULT
ADDED from src/main/AndroidManifest.xml:57:17-76
	android:name
		ADDED from src/main/AndroidManifest.xml:57:27-73
activity#org.chat21.android.ui.messages.activities.ImageDetailsActivity
ADDED from src/main/AndroidManifest.xml:60:9-81
	android:name
		ADDED from src/main/AndroidManifest.xml:60:19-78
activity#org.chat21.android.ui.chat_groups.activities.NewGroupActivity
ADDED from src/main/AndroidManifest.xml:61:9-63:74
	android:label
		ADDED from src/main/AndroidManifest.xml:63:13-71
	android:name
		ADDED from src/main/AndroidManifest.xml:62:13-71
activity#org.chat21.android.ui.chat_groups.activities.AddMemberToChatGroupActivity
ADDED from src/main/AndroidManifest.xml:64:9-66:73
	android:label
		ADDED from src/main/AndroidManifest.xml:66:13-70
	android:name
		ADDED from src/main/AndroidManifest.xml:65:13-83
activity#org.chat21.android.ui.chat_groups.activities.GroupAdminPanelActivity
ADDED from src/main/AndroidManifest.xml:67:9-87
	android:name
		ADDED from src/main/AndroidManifest.xml:67:19-84
activity#org.chat21.android.ui.users.activities.PublicProfileActivity
ADDED from src/main/AndroidManifest.xml:70:9-79
	android:name
		ADDED from src/main/AndroidManifest.xml:70:19-76
activity#org.chat21.android.ui.chat_groups.activities.ChatGroupsListActivity
ADDED from src/main/AndroidManifest.xml:71:9-73:74
	android:label
		ADDED from src/main/AndroidManifest.xml:73:13-71
	android:name
		ADDED from src/main/AndroidManifest.xml:72:13-77
service#org.chat21.android.notifications.ChatFirebaseMessagingService
ADDED from src/main/AndroidManifest.xml:76:9-80:19
	android:name
		ADDED from src/main/AndroidManifest.xml:76:18-76
intent-filter#action:name:com.google.firebase.MESSAGING_EVENT
ADDED from src/main/AndroidManifest.xml:77:13-79:29
action#com.google.firebase.MESSAGING_EVENT
ADDED from src/main/AndroidManifest.xml:78:17-78
	android:name
		ADDED from src/main/AndroidManifest.xml:78:25-75
meta-data#com.google.firebase.messaging.default_notification_icon
ADDED from src/main/AndroidManifest.xml:86:9-88:66
	android:resource
		ADDED from src/main/AndroidManifest.xml:88:13-63
	android:name
		ADDED from src/main/AndroidManifest.xml:87:13-83
meta-data#com.google.firebase.messaging.default_notification_color
ADDED from src/main/AndroidManifest.xml:93:9-95:50
	android:resource
		ADDED from src/main/AndroidManifest.xml:95:13-47
	android:name
		ADDED from src/main/AndroidManifest.xml:94:13-84
service#org.chat21.android.instanceid.service.SaveFirebaseInstanceIdService
ADDED from src/main/AndroidManifest.xml:103:9-109:19
	tools:ignore
		ADDED from src/main/AndroidManifest.xml:105:13-43
	android:name
		ADDED from src/main/AndroidManifest.xml:104:13-77
intent-filter#action:name:com.google.firebase.INSTANCE_ID_EVENT
ADDED from src/main/AndroidManifest.xml:106:13-108:29
action#com.google.firebase.INSTANCE_ID_EVENT
ADDED from src/main/AndroidManifest.xml:107:17-80
	android:name
		ADDED from src/main/AndroidManifest.xml:107:25-77
receiver#org.chat21.android.connectivity.NetworkReceiver
ADDED from src/main/AndroidManifest.xml:111:9-115:20
	android:name
		ADDED from src/main/AndroidManifest.xml:111:19-63
intent-filter#action:name:android.net.conn.CONNECTIVITY_CHANGE
ADDED from src/main/AndroidManifest.xml:112:13-114:29
action#android.net.conn.CONNECTIVITY_CHANGE
ADDED from src/main/AndroidManifest.xml:113:17-79
	android:name
		ADDED from src/main/AndroidManifest.xml:113:25-76
receiver#org.chat21.android.core.receivers.ShutdownReceiver
ADDED from src/main/AndroidManifest.xml:116:9-121:20
	android:name
		ADDED from src/main/AndroidManifest.xml:116:19-66
intent-filter#action:name:android.intent.action.ACTION_SHUTDOWN+action:name:android.intent.action.QUICKBOOT_POWEROFF
ADDED from src/main/AndroidManifest.xml:117:13-120:29
action#android.intent.action.ACTION_SHUTDOWN
ADDED from src/main/AndroidManifest.xml:118:17-80
	android:name
		ADDED from src/main/AndroidManifest.xml:118:25-77
action#android.intent.action.QUICKBOOT_POWEROFF
ADDED from src/main/AndroidManifest.xml:119:17-83
	android:name
		ADDED from src/main/AndroidManifest.xml:119:25-80
uses-sdk
INJECTED from src/main/AndroidManifest.xml reason: use-sdk injection requested
INJECTED from src/main/AndroidManifest.xml
INJECTED from src/main/AndroidManifest.xml
INJECTED from src/main/AndroidManifest.xml
INJECTED from src/main/AndroidManifest.xml
	android:targetSdkVersion
		INJECTED from src/main/AndroidManifest.xml
		ADDED from src/main/AndroidManifest.xml
		INJECTED from src/main/AndroidManifest.xml
	android:minSdkVersion
		INJECTED from src/main/AndroidManifest.xml
		ADDED from src/main/AndroidManifest.xml
		INJECTED from src/main/AndroidManifest.xml